{"/Users/viktor/Desktop/Веб_разработка/frontend-project-lvl2/gendiff.js": {"path":"/Users/viktor/Desktop/Веб_разработка/frontend-project-lvl2/gendiff.js","all":false,"statementMap":{"0":{"start":{"line":1,"column":0},"end":{"line":1,"column":23}},"1":{"start":{"line":2,"column":0},"end":{"line":2,"column":43}},"2":{"start":{"line":3,"column":0},"end":{"line":3,"column":47}},"3":{"start":{"line":4,"column":0},"end":{"line":4,"column":0}},"4":{"start":{"line":5,"column":0},"end":{"line":5,"column":47}},"5":{"start":{"line":6,"column":0},"end":{"line":6,"column":39}},"6":{"start":{"line":7,"column":0},"end":{"line":7,"column":39}},"7":{"start":{"line":8,"column":0},"end":{"line":8,"column":42}},"8":{"start":{"line":9,"column":0},"end":{"line":9,"column":38}},"9":{"start":{"line":10,"column":0},"end":{"line":10,"column":50}},"10":{"start":{"line":11,"column":0},"end":{"line":11,"column":41}},"11":{"start":{"line":12,"column":0},"end":{"line":12,"column":59}},"12":{"start":{"line":13,"column":0},"end":{"line":13,"column":48}},"13":{"start":{"line":14,"column":0},"end":{"line":14,"column":61}},"14":{"start":{"line":15,"column":0},"end":{"line":15,"column":74}},"15":{"start":{"line":16,"column":0},"end":{"line":16,"column":88}},"16":{"start":{"line":17,"column":0},"end":{"line":17,"column":51}},"17":{"start":{"line":18,"column":0},"end":{"line":18,"column":89}},"18":{"start":{"line":19,"column":0},"end":{"line":19,"column":12}},"19":{"start":{"line":20,"column":0},"end":{"line":20,"column":63}},"20":{"start":{"line":21,"column":0},"end":{"line":21,"column":5}},"21":{"start":{"line":22,"column":0},"end":{"line":22,"column":15}},"22":{"start":{"line":23,"column":0},"end":{"line":23,"column":9}},"23":{"start":{"line":24,"column":0},"end":{"line":24,"column":16}},"24":{"start":{"line":25,"column":0},"end":{"line":25,"column":2}},"25":{"start":{"line":26,"column":0},"end":{"line":26,"column":0}},"26":{"start":{"line":27,"column":0},"end":{"line":27,"column":46}},"27":{"start":{"line":28,"column":0},"end":{"line":28,"column":39}},"28":{"start":{"line":29,"column":0},"end":{"line":29,"column":39}},"29":{"start":{"line":30,"column":0},"end":{"line":30,"column":49}},"30":{"start":{"line":31,"column":0},"end":{"line":31,"column":37}},"31":{"start":{"line":32,"column":0},"end":{"line":32,"column":2}},"32":{"start":{"line":33,"column":0},"end":{"line":33,"column":0}},"33":{"start":{"line":34,"column":0},"end":{"line":34,"column":23}}},"s":{"0":1,"1":1,"2":1,"3":1,"4":1,"5":20,"6":20,"7":20,"8":20,"9":20,"10":72,"11":20,"12":72,"13":8,"14":52,"15":16,"16":44,"17":16,"18":28,"19":12,"20":12,"21":72,"22":20,"23":20,"24":20,"25":1,"26":1,"27":4,"28":4,"29":4,"30":4,"31":4,"32":1,"33":1},"branchMap":{"0":{"type":"branch","line":5,"loc":{"start":{"line":5,"column":20},"end":{"line":25,"column":2}},"locations":[{"start":{"line":5,"column":20},"end":{"line":25,"column":2}}]},"1":{"type":"branch","line":10,"loc":{"start":{"line":10,"column":35},"end":{"line":23,"column":5}},"locations":[{"start":{"line":10,"column":35},"end":{"line":23,"column":5}}]},"2":{"type":"branch","line":11,"loc":{"start":{"line":11,"column":40},"end":{"line":13,"column":11}},"locations":[{"start":{"line":11,"column":40},"end":{"line":13,"column":11}}]},"3":{"type":"branch","line":13,"loc":{"start":{"line":13,"column":5},"end":{"line":21,"column":5}},"locations":[{"start":{"line":13,"column":5},"end":{"line":21,"column":5}}]},"4":{"type":"branch","line":13,"loc":{"start":{"line":13,"column":47},"end":{"line":15,"column":11}},"locations":[{"start":{"line":13,"column":47},"end":{"line":15,"column":11}}]},"5":{"type":"branch","line":15,"loc":{"start":{"line":15,"column":5},"end":{"line":21,"column":5}},"locations":[{"start":{"line":15,"column":5},"end":{"line":21,"column":5}}]},"6":{"type":"branch","line":15,"loc":{"start":{"line":15,"column":15},"end":{"line":15,"column":46}},"locations":[{"start":{"line":15,"column":15},"end":{"line":15,"column":46}}]},"7":{"type":"branch","line":15,"loc":{"start":{"line":15,"column":73},"end":{"line":17,"column":11}},"locations":[{"start":{"line":15,"column":73},"end":{"line":17,"column":11}}]},"8":{"type":"branch","line":17,"loc":{"start":{"line":17,"column":5},"end":{"line":21,"column":5}},"locations":[{"start":{"line":17,"column":5},"end":{"line":21,"column":5}}]},"9":{"type":"branch","line":17,"loc":{"start":{"line":17,"column":50},"end":{"line":19,"column":11}},"locations":[{"start":{"line":17,"column":50},"end":{"line":19,"column":11}}]},"10":{"type":"branch","line":19,"loc":{"start":{"line":19,"column":5},"end":{"line":21,"column":5}},"locations":[{"start":{"line":19,"column":5},"end":{"line":21,"column":5}}]},"11":{"type":"branch","line":27,"loc":{"start":{"line":27,"column":16},"end":{"line":32,"column":2}},"locations":[{"start":{"line":27,"column":16},"end":{"line":32,"column":2}}]}},"b":{"0":[20],"1":[72],"2":[20],"3":[52],"4":[8],"5":[44],"6":[20],"7":[16],"8":[28],"9":[16],"10":[12],"11":[4]},"fnMap":{"0":{"name":"getDataDiff","decl":{"start":{"line":5,"column":20},"end":{"line":25,"column":2}},"loc":{"start":{"line":5,"column":20},"end":{"line":25,"column":2}},"line":5},"1":{"name":"genDiff","decl":{"start":{"line":27,"column":16},"end":{"line":32,"column":2}},"loc":{"start":{"line":27,"column":16},"end":{"line":32,"column":2}},"line":27}},"f":{"0":20,"1":4}}
,"/Users/viktor/Desktop/Веб_разработка/frontend-project-lvl2/formatters/index.js": {"path":"/Users/viktor/Desktop/Веб_разработка/frontend-project-lvl2/formatters/index.js","all":false,"statementMap":{"0":{"start":{"line":1,"column":0},"end":{"line":1,"column":37}},"1":{"start":{"line":2,"column":0},"end":{"line":2,"column":41}},"2":{"start":{"line":3,"column":0},"end":{"line":3,"column":0}},"3":{"start":{"line":4,"column":0},"end":{"line":4,"column":41}},"4":{"start":{"line":5,"column":0},"end":{"line":5,"column":22}},"5":{"start":{"line":6,"column":0},"end":{"line":6,"column":19}},"6":{"start":{"line":7,"column":0},"end":{"line":7,"column":33}},"7":{"start":{"line":8,"column":0},"end":{"line":8,"column":17}},"8":{"start":{"line":9,"column":0},"end":{"line":9,"column":31}},"9":{"start":{"line":10,"column":0},"end":{"line":10,"column":12}},"10":{"start":{"line":11,"column":0},"end":{"line":11,"column":33}},"11":{"start":{"line":12,"column":0},"end":{"line":12,"column":3}},"12":{"start":{"line":13,"column":0},"end":{"line":13,"column":2}},"13":{"start":{"line":14,"column":0},"end":{"line":14,"column":26}}},"s":{"0":1,"1":1,"2":1,"3":1,"4":4,"5":4,"6":4,"7":4,"8":4,"9":4,"10":4,"11":4,"12":4,"13":1},"branchMap":{"0":{"type":"branch","line":4,"loc":{"start":{"line":4,"column":19},"end":{"line":13,"column":2}},"locations":[{"start":{"line":4,"column":19},"end":{"line":13,"column":2}}]},"1":{"type":"branch","line":6,"loc":{"start":{"line":6,"column":4},"end":{"line":7,"column":13}},"locations":[{"start":{"line":6,"column":4},"end":{"line":7,"column":13}}]},"2":{"type":"branch","line":8,"loc":{"start":{"line":8,"column":4},"end":{"line":9,"column":13}},"locations":[{"start":{"line":8,"column":4},"end":{"line":9,"column":13}}]},"3":{"type":"branch","line":10,"loc":{"start":{"line":10,"column":4},"end":{"line":11,"column":13}},"locations":[{"start":{"line":10,"column":4},"end":{"line":11,"column":13}}]}},"b":{"0":[4],"1":[0],"2":[2],"3":[2]},"fnMap":{"0":{"name":"formatData","decl":{"start":{"line":4,"column":19},"end":{"line":13,"column":2}},"loc":{"start":{"line":4,"column":19},"end":{"line":13,"column":2}},"line":4}},"f":{"0":4}}
,"/Users/viktor/Desktop/Веб_разработка/frontend-project-lvl2/formatters/plain.js": {"path":"/Users/viktor/Desktop/Веб_разработка/frontend-project-lvl2/formatters/plain.js","all":false,"statementMap":{"0":{"start":{"line":1,"column":0},"end":{"line":1,"column":23}},"1":{"start":{"line":2,"column":0},"end":{"line":2,"column":0}},"2":{"start":{"line":3,"column":0},"end":{"line":3,"column":32}},"3":{"start":{"line":4,"column":0},"end":{"line":4,"column":40}},"4":{"start":{"line":5,"column":0},"end":{"line":5,"column":25}},"5":{"start":{"line":6,"column":0},"end":{"line":6,"column":28}},"6":{"start":{"line":7,"column":0},"end":{"line":7,"column":32}},"7":{"start":{"line":8,"column":0},"end":{"line":8,"column":41}},"8":{"start":{"line":9,"column":0},"end":{"line":9,"column":37}},"9":{"start":{"line":10,"column":0},"end":{"line":10,"column":19}},"10":{"start":{"line":11,"column":0},"end":{"line":11,"column":37}},"11":{"start":{"line":12,"column":0},"end":{"line":12,"column":37}},"12":{"start":{"line":13,"column":0},"end":{"line":13,"column":18}},"13":{"start":{"line":14,"column":0},"end":{"line":14,"column":70}},"14":{"start":{"line":15,"column":0},"end":{"line":15,"column":11}},"15":{"start":{"line":16,"column":0},"end":{"line":16,"column":88}},"16":{"start":{"line":17,"column":0},"end":{"line":17,"column":9}},"17":{"start":{"line":18,"column":0},"end":{"line":18,"column":39}},"18":{"start":{"line":19,"column":0},"end":{"line":19,"column":70}},"19":{"start":{"line":20,"column":0},"end":{"line":20,"column":9}},"20":{"start":{"line":21,"column":0},"end":{"line":21,"column":39}},"21":{"start":{"line":22,"column":0},"end":{"line":22,"column":49}},"22":{"start":{"line":23,"column":0},"end":{"line":23,"column":49}},"23":{"start":{"line":24,"column":0},"end":{"line":24,"column":22}},"24":{"start":{"line":25,"column":0},"end":{"line":25,"column":22}},"25":{"start":{"line":26,"column":0},"end":{"line":26,"column":40}},"26":{"start":{"line":27,"column":0},"end":{"line":27,"column":40}},"27":{"start":{"line":28,"column":0},"end":{"line":28,"column":18}},"28":{"start":{"line":29,"column":0},"end":{"line":29,"column":82}},"29":{"start":{"line":30,"column":0},"end":{"line":30,"column":11}},"30":{"start":{"line":31,"column":0},"end":{"line":31,"column":40}},"31":{"start":{"line":32,"column":0},"end":{"line":32,"column":40}},"32":{"start":{"line":33,"column":0},"end":{"line":33,"column":18}},"33":{"start":{"line":34,"column":0},"end":{"line":34,"column":82}},"34":{"start":{"line":35,"column":0},"end":{"line":35,"column":11}},"35":{"start":{"line":36,"column":0},"end":{"line":36,"column":101}},"36":{"start":{"line":37,"column":0},"end":{"line":37,"column":9}},"37":{"start":{"line":38,"column":0},"end":{"line":38,"column":41}},"38":{"start":{"line":39,"column":0},"end":{"line":39,"column":20}},"39":{"start":{"line":40,"column":0},"end":{"line":40,"column":9}},"40":{"start":{"line":41,"column":0},"end":{"line":41,"column":46}},"41":{"start":{"line":42,"column":0},"end":{"line":42,"column":9}},"42":{"start":{"line":43,"column":0},"end":{"line":43,"column":29}},"43":{"start":{"line":44,"column":0},"end":{"line":44,"column":4}},"44":{"start":{"line":45,"column":0},"end":{"line":45,"column":25}},"45":{"start":{"line":46,"column":0},"end":{"line":46,"column":2}},"46":{"start":{"line":47,"column":0},"end":{"line":47,"column":27}}},"s":{"0":1,"1":1,"2":1,"3":2,"4":10,"5":10,"6":10,"7":36,"8":36,"9":10,"10":10,"11":4,"12":10,"13":6,"14":6,"15":10,"16":10,"17":36,"18":4,"19":4,"20":36,"21":8,"22":8,"23":8,"24":8,"25":8,"26":2,"27":8,"28":6,"29":6,"30":8,"31":0,"32":8,"33":8,"34":8,"35":8,"36":8,"37":36,"38":6,"39":6,"40":8,"41":8,"42":10,"43":10,"44":2,"45":2,"46":1},"branchMap":{"0":{"type":"branch","line":3,"loc":{"start":{"line":3,"column":21},"end":{"line":46,"column":2}},"locations":[{"start":{"line":3,"column":21},"end":{"line":46,"column":2}}]},"1":{"type":"branch","line":4,"loc":{"start":{"line":4,"column":15},"end":{"line":44,"column":4}},"locations":[{"start":{"line":4,"column":15},"end":{"line":44,"column":4}}]},"2":{"type":"branch","line":7,"loc":{"start":{"line":7,"column":15},"end":{"line":42,"column":9}},"locations":[{"start":{"line":7,"column":15},"end":{"line":42,"column":9}}]},"3":{"type":"branch","line":9,"loc":{"start":{"line":9,"column":36},"end":{"line":17,"column":9}},"locations":[{"start":{"line":9,"column":36},"end":{"line":17,"column":9}}]},"4":{"type":"branch","line":11,"loc":{"start":{"line":11,"column":36},"end":{"line":13,"column":17}},"locations":[{"start":{"line":11,"column":36},"end":{"line":13,"column":17}}]},"5":{"type":"branch","line":13,"loc":{"start":{"line":13,"column":11},"end":{"line":15,"column":11}},"locations":[{"start":{"line":13,"column":11},"end":{"line":15,"column":11}}]},"6":{"type":"branch","line":14,"loc":{"start":{"line":14,"column":19},"end":{"line":14,"column":61}},"locations":[{"start":{"line":14,"column":19},"end":{"line":14,"column":61}}]},"7":{"type":"branch","line":14,"loc":{"start":{"line":14,"column":19},"end":{"line":14,"column":70}},"locations":[{"start":{"line":14,"column":19},"end":{"line":14,"column":70}}]},"8":{"type":"branch","line":18,"loc":{"start":{"line":18,"column":38},"end":{"line":20,"column":9}},"locations":[{"start":{"line":18,"column":38},"end":{"line":20,"column":9}}]},"9":{"type":"branch","line":21,"loc":{"start":{"line":21,"column":38},"end":{"line":37,"column":9}},"locations":[{"start":{"line":21,"column":38},"end":{"line":37,"column":9}}]},"10":{"type":"branch","line":26,"loc":{"start":{"line":26,"column":39},"end":{"line":28,"column":17}},"locations":[{"start":{"line":26,"column":39},"end":{"line":28,"column":17}}]},"11":{"type":"branch","line":28,"loc":{"start":{"line":28,"column":11},"end":{"line":30,"column":11}},"locations":[{"start":{"line":28,"column":11},"end":{"line":30,"column":11}}]},"12":{"type":"branch","line":29,"loc":{"start":{"line":29,"column":22},"end":{"line":29,"column":70}},"locations":[{"start":{"line":29,"column":22},"end":{"line":29,"column":70}}]},"13":{"type":"branch","line":29,"loc":{"start":{"line":29,"column":22},"end":{"line":29,"column":82}},"locations":[{"start":{"line":29,"column":22},"end":{"line":29,"column":82}}]},"14":{"type":"branch","line":31,"loc":{"start":{"line":31,"column":39},"end":{"line":33,"column":17}},"locations":[{"start":{"line":31,"column":39},"end":{"line":33,"column":17}}]},"15":{"type":"branch","line":34,"loc":{"start":{"line":34,"column":22},"end":{"line":34,"column":70}},"locations":[{"start":{"line":34,"column":22},"end":{"line":34,"column":70}}]},"16":{"type":"branch","line":34,"loc":{"start":{"line":34,"column":22},"end":{"line":34,"column":82}},"locations":[{"start":{"line":34,"column":22},"end":{"line":34,"column":82}}]},"17":{"type":"branch","line":38,"loc":{"start":{"line":38,"column":-1},"end":{"line":38,"column":12}},"locations":[{"start":{"line":38,"column":-1},"end":{"line":38,"column":12}}]},"18":{"type":"branch","line":38,"loc":{"start":{"line":38,"column":40},"end":{"line":40,"column":9}},"locations":[{"start":{"line":38,"column":40},"end":{"line":40,"column":9}}]},"19":{"type":"branch","line":41,"loc":{"start":{"line":41,"column":-1},"end":{"line":42,"column":9}},"locations":[{"start":{"line":41,"column":-1},"end":{"line":42,"column":9}}]}},"b":{"0":[2],"1":[10],"2":[36],"3":[10],"4":[4],"5":[6],"6":[4],"7":[2],"8":[4],"9":[8],"10":[2],"11":[6],"12":[4],"13":[2],"14":[0],"15":[6],"16":[2],"17":[14],"18":[6],"19":[8]},"fnMap":{"0":{"name":"formatPlain","decl":{"start":{"line":3,"column":21},"end":{"line":46,"column":2}},"loc":{"start":{"line":3,"column":21},"end":{"line":46,"column":2}},"line":3},"1":{"name":"iter","decl":{"start":{"line":4,"column":15},"end":{"line":44,"column":4}},"loc":{"start":{"line":4,"column":15},"end":{"line":44,"column":4}},"line":4}},"f":{"0":2,"1":10}}
,"/Users/viktor/Desktop/Веб_разработка/frontend-project-lvl2/formatters/stylish.js": {"path":"/Users/viktor/Desktop/Веб_разработка/frontend-project-lvl2/formatters/stylish.js","all":false,"statementMap":{"0":{"start":{"line":1,"column":0},"end":{"line":1,"column":23}},"1":{"start":{"line":2,"column":0},"end":{"line":2,"column":0}},"2":{"start":{"line":3,"column":0},"end":{"line":3,"column":67}},"3":{"start":{"line":4,"column":0},"end":{"line":4,"column":41}},"4":{"start":{"line":5,"column":0},"end":{"line":5,"column":36}},"5":{"start":{"line":6,"column":0},"end":{"line":6,"column":31}},"6":{"start":{"line":7,"column":0},"end":{"line":7,"column":5}},"7":{"start":{"line":8,"column":0},"end":{"line":8,"column":42}},"8":{"start":{"line":9,"column":0},"end":{"line":9,"column":50}},"9":{"start":{"line":10,"column":0},"end":{"line":10,"column":56}},"10":{"start":{"line":11,"column":0},"end":{"line":11,"column":67}},"11":{"start":{"line":12,"column":0},"end":{"line":12,"column":24}},"12":{"start":{"line":13,"column":0},"end":{"line":13,"column":28}},"13":{"start":{"line":14,"column":0},"end":{"line":14,"column":28}},"14":{"start":{"line":15,"column":0},"end":{"line":15,"column":29}},"15":{"start":{"line":16,"column":0},"end":{"line":16,"column":23}},"16":{"start":{"line":17,"column":0},"end":{"line":17,"column":74}},"17":{"start":{"line":18,"column":0},"end":{"line":18,"column":25}},"18":{"start":{"line":19,"column":0},"end":{"line":19,"column":74}},"19":{"start":{"line":20,"column":0},"end":{"line":20,"column":25}},"20":{"start":{"line":21,"column":0},"end":{"line":21,"column":134}},"21":{"start":{"line":22,"column":0},"end":{"line":22,"column":27}},"22":{"start":{"line":23,"column":0},"end":{"line":23,"column":70}},"23":{"start":{"line":24,"column":0},"end":{"line":24,"column":23}},"24":{"start":{"line":25,"column":0},"end":{"line":25,"column":70}},"25":{"start":{"line":26,"column":0},"end":{"line":26,"column":18}},"26":{"start":{"line":27,"column":0},"end":{"line":27,"column":65}},"27":{"start":{"line":28,"column":0},"end":{"line":28,"column":9}},"28":{"start":{"line":29,"column":0},"end":{"line":29,"column":9}},"29":{"start":{"line":30,"column":0},"end":{"line":30,"column":59}},"30":{"start":{"line":31,"column":0},"end":{"line":31,"column":4}},"31":{"start":{"line":32,"column":0},"end":{"line":32,"column":24}},"32":{"start":{"line":33,"column":0},"end":{"line":33,"column":2}},"33":{"start":{"line":34,"column":0},"end":{"line":34,"column":29}}},"s":{"0":1,"1":1,"2":1,"3":2,"4":64,"5":40,"6":40,"7":64,"8":64,"9":64,"10":64,"11":64,"12":64,"13":64,"14":54,"15":54,"16":54,"17":54,"18":54,"19":54,"20":54,"21":54,"22":54,"23":54,"24":54,"25":54,"26":54,"27":54,"28":54,"29":64,"30":64,"31":2,"32":2,"33":1},"branchMap":{"0":{"type":"branch","line":3,"loc":{"start":{"line":3,"column":22},"end":{"line":33,"column":2}},"locations":[{"start":{"line":3,"column":22},"end":{"line":33,"column":2}}]},"1":{"type":"branch","line":4,"loc":{"start":{"line":4,"column":15},"end":{"line":31,"column":4}},"locations":[{"start":{"line":4,"column":15},"end":{"line":31,"column":4}}]},"2":{"type":"branch","line":5,"loc":{"start":{"line":5,"column":35},"end":{"line":7,"column":5}},"locations":[{"start":{"line":5,"column":35},"end":{"line":7,"column":5}}]},"3":{"type":"branch","line":14,"loc":{"start":{"line":14,"column":11},"end":{"line":29,"column":9}},"locations":[{"start":{"line":14,"column":11},"end":{"line":29,"column":9}}]},"4":{"type":"branch","line":16,"loc":{"start":{"line":16,"column":10},"end":{"line":17,"column":20}},"locations":[{"start":{"line":16,"column":10},"end":{"line":17,"column":20}}]},"5":{"type":"branch","line":18,"loc":{"start":{"line":18,"column":10},"end":{"line":19,"column":20}},"locations":[{"start":{"line":18,"column":10},"end":{"line":19,"column":20}}]},"6":{"type":"branch","line":20,"loc":{"start":{"line":20,"column":10},"end":{"line":21,"column":20}},"locations":[{"start":{"line":20,"column":10},"end":{"line":21,"column":20}}]},"7":{"type":"branch","line":22,"loc":{"start":{"line":22,"column":10},"end":{"line":23,"column":20}},"locations":[{"start":{"line":22,"column":10},"end":{"line":23,"column":20}}]},"8":{"type":"branch","line":24,"loc":{"start":{"line":24,"column":10},"end":{"line":25,"column":20}},"locations":[{"start":{"line":24,"column":10},"end":{"line":25,"column":20}}]},"9":{"type":"branch","line":26,"loc":{"start":{"line":26,"column":10},"end":{"line":27,"column":20}},"locations":[{"start":{"line":26,"column":10},"end":{"line":27,"column":20}}]}},"b":{"0":[2],"1":[64],"2":[40],"3":[54],"4":[10],"5":[4],"6":[8],"7":[6],"8":[8],"9":[18]},"fnMap":{"0":{"name":"formatStylish","decl":{"start":{"line":3,"column":22},"end":{"line":33,"column":2}},"loc":{"start":{"line":3,"column":22},"end":{"line":33,"column":2}},"line":3},"1":{"name":"iter","decl":{"start":{"line":4,"column":15},"end":{"line":31,"column":4}},"loc":{"start":{"line":4,"column":15},"end":{"line":31,"column":4}},"line":4}},"f":{"0":2,"1":64}}
,"/Users/viktor/Desktop/Веб_разработка/frontend-project-lvl2/src/parsers.js": {"path":"/Users/viktor/Desktop/Веб_разработка/frontend-project-lvl2/src/parsers.js","all":false,"statementMap":{"0":{"start":{"line":1,"column":0},"end":{"line":1,"column":24}},"1":{"start":{"line":2,"column":0},"end":{"line":2,"column":34}},"2":{"start":{"line":3,"column":0},"end":{"line":3,"column":27}},"3":{"start":{"line":4,"column":0},"end":{"line":4,"column":0}},"4":{"start":{"line":5,"column":0},"end":{"line":5,"column":74}},"5":{"start":{"line":6,"column":0},"end":{"line":6,"column":0}},"6":{"start":{"line":7,"column":0},"end":{"line":7,"column":34}},"7":{"start":{"line":8,"column":0},"end":{"line":8,"column":24}},"8":{"start":{"line":9,"column":0},"end":{"line":9,"column":28}},"9":{"start":{"line":10,"column":0},"end":{"line":10,"column":3}},"10":{"start":{"line":11,"column":0},"end":{"line":11,"column":42}},"11":{"start":{"line":12,"column":0},"end":{"line":12,"column":27}},"12":{"start":{"line":13,"column":0},"end":{"line":13,"column":3}},"13":{"start":{"line":14,"column":0},"end":{"line":14,"column":48}},"14":{"start":{"line":15,"column":0},"end":{"line":15,"column":2}},"15":{"start":{"line":16,"column":0},"end":{"line":16,"column":0}},"16":{"start":{"line":17,"column":0},"end":{"line":17,"column":35}},"17":{"start":{"line":18,"column":0},"end":{"line":18,"column":65}},"18":{"start":{"line":19,"column":0},"end":{"line":19,"column":43}},"19":{"start":{"line":20,"column":0},"end":{"line":20,"column":40}},"20":{"start":{"line":21,"column":0},"end":{"line":21,"column":2}},"21":{"start":{"line":22,"column":0},"end":{"line":22,"column":0}},"22":{"start":{"line":23,"column":0},"end":{"line":23,"column":27}}},"s":{"0":1,"1":1,"2":1,"3":1,"4":1,"5":1,"6":1,"7":8,"8":4,"9":4,"10":8,"11":4,"12":4,"13":0,"14":0,"15":1,"16":1,"17":8,"18":8,"19":8,"20":8,"21":1,"22":1},"branchMap":{"0":{"type":"branch","line":5,"loc":{"start":{"line":5,"column":23},"end":{"line":5,"column":40}},"locations":[{"start":{"line":5,"column":23},"end":{"line":5,"column":40}}]},"1":{"type":"branch","line":7,"loc":{"start":{"line":7,"column":18},"end":{"line":15,"column":2}},"locations":[{"start":{"line":7,"column":18},"end":{"line":15,"column":2}}]},"2":{"type":"branch","line":8,"loc":{"start":{"line":8,"column":23},"end":{"line":11,"column":9}},"locations":[{"start":{"line":8,"column":23},"end":{"line":11,"column":9}}]},"3":{"type":"branch","line":11,"loc":{"start":{"line":11,"column":6},"end":{"line":11,"column":41}},"locations":[{"start":{"line":11,"column":6},"end":{"line":11,"column":41}}]},"4":{"type":"branch","line":11,"loc":{"start":{"line":11,"column":41},"end":{"line":13,"column":3}},"locations":[{"start":{"line":11,"column":41},"end":{"line":13,"column":3}}]},"5":{"type":"branch","line":14,"loc":{"start":{"line":14,"column":-1},"end":{"line":15,"column":2}},"locations":[{"start":{"line":14,"column":-1},"end":{"line":15,"column":2}}]},"6":{"type":"branch","line":17,"loc":{"start":{"line":17,"column":21},"end":{"line":21,"column":2}},"locations":[{"start":{"line":17,"column":21},"end":{"line":21,"column":2}}]}},"b":{"0":[8],"1":[8],"2":[4],"3":[0],"4":[4],"5":[0],"6":[8]},"fnMap":{"0":{"name":"normalizePath","decl":{"start":{"line":5,"column":23},"end":{"line":5,"column":40}},"loc":{"start":{"line":5,"column":23},"end":{"line":5,"column":40}},"line":5},"1":{"name":"parseData","decl":{"start":{"line":7,"column":18},"end":{"line":15,"column":2}},"loc":{"start":{"line":7,"column":18},"end":{"line":15,"column":2}},"line":7},"2":{"name":"getFileData","decl":{"start":{"line":17,"column":21},"end":{"line":21,"column":2}},"loc":{"start":{"line":17,"column":21},"end":{"line":21,"column":2}},"line":17}},"f":{"0":8,"1":8,"2":8}}
}
