{"/Users/viktor/Desktop/Веб_разработка/frontend-project-lvl2/src/index.js": {"path":"/Users/viktor/Desktop/Веб_разработка/frontend-project-lvl2/src/index.js","all":false,"statementMap":{"0":{"start":{"line":1,"column":0},"end":{"line":1,"column":23}},"1":{"start":{"line":2,"column":0},"end":{"line":2,"column":34}},"2":{"start":{"line":3,"column":0},"end":{"line":3,"column":24}},"3":{"start":{"line":4,"column":0},"end":{"line":4,"column":0}},"4":{"start":{"line":5,"column":0},"end":{"line":5,"column":114}},"5":{"start":{"line":6,"column":0},"end":{"line":6,"column":0}},"6":{"start":{"line":7,"column":0},"end":{"line":7,"column":35}},"7":{"start":{"line":8,"column":0},"end":{"line":8,"column":81}},"8":{"start":{"line":9,"column":0},"end":{"line":9,"column":23}},"9":{"start":{"line":10,"column":0},"end":{"line":10,"column":16}},"10":{"start":{"line":11,"column":0},"end":{"line":11,"column":5}},"11":{"start":{"line":12,"column":0},"end":{"line":12,"column":30}},"12":{"start":{"line":13,"column":0},"end":{"line":13,"column":2}},"13":{"start":{"line":14,"column":0},"end":{"line":14,"column":0}},"14":{"start":{"line":15,"column":0},"end":{"line":15,"column":35}},"15":{"start":{"line":16,"column":0},"end":{"line":16,"column":39}},"16":{"start":{"line":17,"column":0},"end":{"line":17,"column":39}},"17":{"start":{"line":18,"column":0},"end":{"line":18,"column":39}},"18":{"start":{"line":19,"column":0},"end":{"line":19,"column":39}},"19":{"start":{"line":20,"column":0},"end":{"line":20,"column":42}},"20":{"start":{"line":21,"column":0},"end":{"line":21,"column":38}},"21":{"start":{"line":22,"column":0},"end":{"line":22,"column":54}},"22":{"start":{"line":23,"column":0},"end":{"line":23,"column":43}},"23":{"start":{"line":24,"column":0},"end":{"line":24,"column":49}},"24":{"start":{"line":25,"column":0},"end":{"line":25,"column":5}},"25":{"start":{"line":26,"column":0},"end":{"line":26,"column":43}},"26":{"start":{"line":27,"column":0},"end":{"line":27,"column":49}},"27":{"start":{"line":28,"column":0},"end":{"line":28,"column":5}},"28":{"start":{"line":29,"column":0},"end":{"line":29,"column":48}},"29":{"start":{"line":30,"column":0},"end":{"line":30,"column":88}},"30":{"start":{"line":31,"column":0},"end":{"line":31,"column":5}},"31":{"start":{"line":32,"column":0},"end":{"line":32,"column":47}},"32":{"start":{"line":33,"column":0},"end":{"line":33,"column":5}},"33":{"start":{"line":34,"column":0},"end":{"line":34,"column":44}},"34":{"start":{"line":35,"column":0},"end":{"line":35,"column":2}},"35":{"start":{"line":36,"column":0},"end":{"line":36,"column":0}},"36":{"start":{"line":37,"column":0},"end":{"line":37,"column":23}}},"s":{"0":1,"1":1,"2":1,"3":1,"4":1,"5":1,"6":1,"7":4,"8":0,"9":0,"10":0,"11":4,"12":4,"13":1,"14":1,"15":2,"16":2,"17":2,"18":2,"19":2,"20":2,"21":2,"22":10,"23":2,"24":2,"25":10,"26":4,"27":4,"28":10,"29":2,"30":2,"31":2,"32":2,"33":2,"34":2,"35":1,"36":1},"branchMap":{"0":{"type":"branch","line":5,"loc":{"start":{"line":5,"column":23},"end":{"line":5,"column":89}},"locations":[{"start":{"line":5,"column":23},"end":{"line":5,"column":89}}]},"1":{"type":"branch","line":5,"loc":{"start":{"line":5,"column":37},"end":{"line":5,"column":85}},"locations":[{"start":{"line":5,"column":37},"end":{"line":5,"column":85}}]},"2":{"type":"branch","line":5,"loc":{"start":{"line":5,"column":37},"end":{"line":5,"column":89}},"locations":[{"start":{"line":5,"column":37},"end":{"line":5,"column":89}}]},"3":{"type":"branch","line":7,"loc":{"start":{"line":7,"column":21},"end":{"line":13,"column":2}},"locations":[{"start":{"line":7,"column":21},"end":{"line":13,"column":2}}]},"4":{"type":"branch","line":15,"loc":{"start":{"line":15,"column":16},"end":{"line":35,"column":2}},"locations":[{"start":{"line":15,"column":16},"end":{"line":35,"column":2}}]},"5":{"type":"branch","line":22,"loc":{"start":{"line":22,"column":43},"end":{"line":33,"column":5}},"locations":[{"start":{"line":22,"column":43},"end":{"line":33,"column":5}}]},"6":{"type":"branch","line":23,"loc":{"start":{"line":23,"column":42},"end":{"line":25,"column":5}},"locations":[{"start":{"line":23,"column":42},"end":{"line":25,"column":5}}]},"7":{"type":"branch","line":26,"loc":{"start":{"line":26,"column":42},"end":{"line":29,"column":8}},"locations":[{"start":{"line":26,"column":42},"end":{"line":29,"column":8}}]},"8":{"type":"branch","line":29,"loc":{"start":{"line":29,"column":47},"end":{"line":33,"column":5}},"locations":[{"start":{"line":29,"column":47},"end":{"line":33,"column":5}}]}},"b":{"0":[4],"1":[2],"2":[2],"3":[4],"4":[2],"5":[10],"6":[2],"7":[4],"8":[2]},"fnMap":{"0":{"name":"normalizePath","decl":{"start":{"line":5,"column":23},"end":{"line":5,"column":89}},"loc":{"start":{"line":5,"column":23},"end":{"line":5,"column":89}},"line":5},"1":{"name":"getFileData","decl":{"start":{"line":7,"column":21},"end":{"line":13,"column":2}},"loc":{"start":{"line":7,"column":21},"end":{"line":13,"column":2}},"line":7},"2":{"name":"genDiff","decl":{"start":{"line":15,"column":16},"end":{"line":35,"column":2}},"loc":{"start":{"line":15,"column":16},"end":{"line":35,"column":2}},"line":15}},"f":{"0":4,"1":4,"2":2}}
}
