TN:
SF:src/index.js
FN:5,normalizePath
FN:7,getFileData
FN:15,genDiff
FNF:3
FNH:3
FNDA:4,normalizePath
FNDA:4,getFileData
FNDA:2,genDiff
DA:1,1
DA:2,1
DA:3,1
DA:4,1
DA:5,1
DA:6,1
DA:7,1
DA:8,4
DA:9,0
DA:10,0
DA:11,0
DA:12,4
DA:13,4
DA:14,1
DA:15,1
DA:16,2
DA:17,2
DA:18,2
DA:19,2
DA:20,2
DA:21,2
DA:22,2
DA:23,10
DA:24,2
DA:25,2
DA:26,10
DA:27,4
DA:28,4
DA:29,10
DA:30,2
DA:31,2
DA:32,2
DA:33,2
DA:34,2
DA:35,2
DA:36,1
DA:37,1
LF:37
LH:34
BRDA:5,0,0,4
BRDA:5,1,0,2
BRDA:5,2,0,2
BRDA:7,3,0,4
BRDA:15,4,0,2
BRDA:22,5,0,10
BRDA:23,6,0,2
BRDA:26,7,0,4
BRDA:29,8,0,2
BRF:9
BRH:9
end_of_record
