TN:
SF:gendiff.js
FN:5,getDataDiff
FN:27,genDiff
FNF:2
FNH:2
FNDA:25,getDataDiff
FNDA:7,genDiff
DA:1,1
DA:2,1
DA:3,1
DA:4,1
DA:5,1
DA:6,25
DA:7,25
DA:8,25
DA:9,25
DA:10,25
DA:11,90
DA:12,25
DA:13,90
DA:14,10
DA:15,65
DA:16,20
DA:17,55
DA:18,20
DA:19,35
DA:20,15
DA:21,15
DA:22,90
DA:23,25
DA:24,25
DA:25,25
DA:26,1
DA:27,1
DA:28,7
DA:29,7
DA:30,7
DA:31,7
DA:32,7
DA:33,1
DA:34,1
LF:34
LH:34
BRDA:5,0,0,25
BRDA:10,1,0,90
BRDA:11,2,0,25
BRDA:13,3,0,65
BRDA:13,4,0,10
BRDA:15,5,0,55
BRDA:15,6,0,25
BRDA:15,7,0,20
BRDA:17,8,0,35
BRDA:17,9,0,20
BRDA:19,10,0,15
BRDA:27,11,0,7
BRF:12
BRH:12
end_of_record
TN:
SF:formatters/index.js
FN:5,formatData
FNF:1
FNH:1
FNDA:5,formatData
DA:1,1
DA:2,1
DA:3,1
DA:4,1
DA:5,1
DA:6,5
DA:7,5
DA:8,5
DA:9,5
DA:10,5
DA:11,5
DA:12,5
DA:13,5
DA:14,5
DA:15,5
DA:16,5
DA:17,1
LF:17
LH:17
BRDA:5,0,0,5
BRDA:7,1,0,2
BRDA:9,2,0,2
BRDA:11,3,0,1
BRDA:13,4,0,0
BRF:5
BRH:4
end_of_record
TN:
SF:formatters/json.js
FN:3,formatToJson
FN:4,iter
FNF:2
FNH:2
FNDA:1,formatToJson
FNDA:68,iter
DA:1,1
DA:2,1
DA:3,1
DA:4,1
DA:5,68
DA:6,38
DA:7,38
DA:8,38
DA:9,68
DA:10,68
DA:11,68
DA:12,68
DA:13,68
DA:14,68
DA:15,67
DA:16,67
DA:17,30
DA:18,30
DA:19,67
DA:20,67
DA:21,68
DA:22,68
DA:23,1
DA:24,1
DA:25,1
LF:25
LH:25
BRDA:3,0,0,1
BRDA:4,1,0,68
BRDA:5,2,0,38
BRDA:7,3,0,30
BRDA:7,4,0,8
BRDA:14,5,0,67
BRDA:16,6,0,30
BRF:7
BRH:7
end_of_record
TN:
SF:formatters/plain.js
FN:3,formatOutput
FN:8,formatToPlain
FN:9,iter
FNF:3
FNH:3
FNDA:20,formatOutput
FNDA:2,formatToPlain
FNDA:10,iter
DA:1,1
DA:2,1
DA:3,1
DA:4,20
DA:5,20
DA:6,20
DA:7,1
DA:8,1
DA:9,2
DA:10,10
DA:11,10
DA:12,10
DA:13,36
DA:14,10
DA:15,10
DA:16,10
DA:17,36
DA:18,4
DA:19,4
DA:20,36
DA:21,8
DA:22,8
DA:23,8
DA:24,8
DA:25,36
DA:26,6
DA:27,6
DA:28,36
DA:29,36
DA:30,10
DA:31,10
DA:32,2
DA:33,2
DA:34,1
LF:34
LH:34
BRDA:3,0,0,20
BRDA:5,1,0,14
BRDA:5,2,0,6
BRDA:8,3,0,2
BRDA:9,4,0,10
BRDA:12,5,0,36
BRDA:13,6,0,10
BRDA:14,7,0,4
BRDA:14,8,0,6
BRDA:17,9,0,4
BRDA:20,10,0,22
BRDA:20,11,0,8
BRDA:21,12,0,2
BRDA:21,13,0,6
BRDA:22,14,0,0
BRDA:25,15,0,14
BRDA:25,16,0,6
BRF:17
BRH:16
end_of_record
TN:
SF:formatters/stylish.js
FN:3,formatToStylish
FN:4,iter
FNF:2
FNH:2
FNDA:2,formatToStylish
FNDA:64,iter
DA:1,1
DA:2,1
DA:3,1
DA:4,2
DA:5,64
DA:6,40
DA:7,40
DA:8,64
DA:9,64
DA:10,64
DA:11,64
DA:12,64
DA:13,64
DA:14,64
DA:15,54
DA:16,54
DA:17,54
DA:18,54
DA:19,54
DA:20,54
DA:21,54
DA:22,54
DA:23,54
DA:24,54
DA:25,54
DA:26,54
DA:27,54
DA:28,54
DA:29,54
DA:30,64
DA:31,64
DA:32,2
DA:33,2
DA:34,1
LF:34
LH:34
BRDA:3,0,0,2
BRDA:4,1,0,64
BRDA:5,2,0,40
BRDA:14,3,0,54
BRDA:16,4,0,10
BRDA:18,5,0,4
BRDA:20,6,0,8
BRDA:22,7,0,6
BRDA:24,8,0,8
BRDA:26,9,0,18
BRF:10
BRH:10
end_of_record
TN:
SF:src/parsers.js
FN:5,parseData
FN:15,getFileData
FNF:2
FNH:2
FNDA:11,parseData
FNDA:12,getFileData
DA:1,1
DA:2,1
DA:3,1
DA:4,1
DA:5,1
DA:6,11
DA:7,6
DA:8,6
DA:9,11
DA:10,4
DA:11,4
DA:12,1
DA:13,1
DA:14,1
DA:15,1
DA:16,12
DA:17,12
DA:18,12
DA:19,12
DA:20,1
DA:21,1
LF:21
LH:21
BRDA:5,0,0,11
BRDA:6,1,0,6
BRDA:9,2,0,1
BRDA:9,3,0,4
BRDA:12,4,0,1
BRDA:15,5,0,12
BRF:6
BRH:6
end_of_record
